2018-04-22 20:31:11,133 [INFO] from application in play-dev-mode-akka.actor.default-dispatcher-3 - Creating Pool for datasource 'default'
2018-04-22 20:31:11,763 [INFO] from play.api.db.DefaultDBApi in play-dev-mode-akka.actor.default-dispatcher-3 - Database [default] connected at jdbc:h2:file:./data/productsDB
2018-04-22 20:31:13,253 [WARN] from org.hibernate.validator.messageinterpolation.ParameterMessageInterpolator in play-dev-mode-akka.actor.default-dispatcher-3 - HV000184: ParameterMessageInterpolator has been chosen, EL interpolation will not be supported
2018-04-22 20:31:13,630 [INFO] from play.api.http.EnabledFilters in play-dev-mode-akka.actor.default-dispatcher-3 - Enabled Filters (see <https://www.playframework.com/documentation/latest/Filters>):

    play.filters.csrf.CSRFFilter
    play.filters.headers.SecurityHeadersFilter
    play.filters.hosts.AllowedHostsFilter

2018-04-22 20:31:13,667 [INFO] from play.api.Play in play-dev-mode-akka.actor.default-dispatcher-3 - Application started (Dev)
2018-04-22 20:31:47,770 [WARN] from application in application-akka.actor.default-dispatcher-9 - The "validate" method in class "models.users.Login" is deprecated since Play 2.6. To migrate to class-level constraints see https://www.playframework.com/documentation/2.6.x/Migration26#java-form-changes and https://www.playframework.com/documentation/2.6.x/JavaForms#Advanced-validation
2018-04-22 20:32:11,318 [WARN] from application in application-akka.actor.default-dispatcher-6 - The "validate" method in class "models.users.Login" is deprecated since Play 2.6. To migrate to class-level constraints see https://www.playframework.com/documentation/2.6.x/Migration26#java-form-changes and https://www.playframework.com/documentation/2.6.x/JavaForms#Advanced-validation
2018-04-22 20:44:11,761 [INFO] from application in application-akka.actor.default-dispatcher-13 - Shutting down connection pool.
2018-04-22 20:44:12,173 [INFO] from application in play-dev-mode-akka.actor.default-dispatcher-33 - Creating Pool for datasource 'default'
2018-04-22 20:44:12,211 [INFO] from play.api.db.DefaultDBApi in play-dev-mode-akka.actor.default-dispatcher-33 - Database [default] connected at jdbc:h2:file:./data/productsDB
2018-04-22 20:44:12,404 [WARN] from org.hibernate.validator.messageinterpolation.ParameterMessageInterpolator in play-dev-mode-akka.actor.default-dispatcher-33 - HV000184: ParameterMessageInterpolator has been chosen, EL interpolation will not be supported
2018-04-22 20:44:12,503 [INFO] from play.api.http.EnabledFilters in play-dev-mode-akka.actor.default-dispatcher-33 - Enabled Filters (see <https://www.playframework.com/documentation/latest/Filters>):

    play.filters.csrf.CSRFFilter
    play.filters.headers.SecurityHeadersFilter
    play.filters.hosts.AllowedHostsFilter

2018-04-22 20:44:12,504 [INFO] from play.api.Play in play-dev-mode-akka.actor.default-dispatcher-33 - Application started (Dev)
2018-04-22 20:44:54,973 [INFO] from application in application-akka.actor.default-dispatcher-9 - Shutting down connection pool.
2018-04-22 20:44:55,305 [INFO] from application in play-dev-mode-akka.actor.default-dispatcher-34 - Creating Pool for datasource 'default'
2018-04-22 20:44:55,346 [INFO] from play.api.db.DefaultDBApi in play-dev-mode-akka.actor.default-dispatcher-34 - Database [default] connected at jdbc:h2:file:./data/productsDB
2018-04-22 20:44:55,768 [WARN] from org.hibernate.validator.messageinterpolation.ParameterMessageInterpolator in play-dev-mode-akka.actor.default-dispatcher-34 - HV000184: ParameterMessageInterpolator has been chosen, EL interpolation will not be supported
2018-04-22 20:44:55,904 [INFO] from play.api.http.EnabledFilters in play-dev-mode-akka.actor.default-dispatcher-34 - Enabled Filters (see <https://www.playframework.com/documentation/latest/Filters>):

    play.filters.csrf.CSRFFilter
    play.filters.headers.SecurityHeadersFilter
    play.filters.hosts.AllowedHostsFilter

2018-04-22 20:44:55,907 [INFO] from play.api.Play in play-dev-mode-akka.actor.default-dispatcher-34 - Application started (Dev)
2018-04-22 20:45:26,880 [INFO] from application in application-akka.actor.default-dispatcher-8 - Shutting down connection pool.
2018-04-22 20:45:27,247 [INFO] from application in play-dev-mode-akka.actor.default-dispatcher-33 - Creating Pool for datasource 'default'
2018-04-22 20:45:27,302 [INFO] from play.api.db.DefaultDBApi in play-dev-mode-akka.actor.default-dispatcher-33 - Database [default] connected at jdbc:h2:file:./data/productsDB
2018-04-22 20:45:27,533 [WARN] from org.hibernate.validator.messageinterpolation.ParameterMessageInterpolator in play-dev-mode-akka.actor.default-dispatcher-33 - HV000184: ParameterMessageInterpolator has been chosen, EL interpolation will not be supported
2018-04-22 20:45:27,676 [INFO] from play.api.http.EnabledFilters in play-dev-mode-akka.actor.default-dispatcher-33 - Enabled Filters (see <https://www.playframework.com/documentation/latest/Filters>):

    play.filters.csrf.CSRFFilter
    play.filters.headers.SecurityHeadersFilter
    play.filters.hosts.AllowedHostsFilter

2018-04-22 20:45:27,683 [INFO] from play.api.Play in play-dev-mode-akka.actor.default-dispatcher-33 - Application started (Dev)
2018-04-22 20:45:47,988 [INFO] from application in application-akka.actor.default-dispatcher-7 - Shutting down connection pool.
2018-04-22 20:45:48,210 [INFO] from application in play-dev-mode-akka.actor.default-dispatcher-33 - Creating Pool for datasource 'default'
2018-04-22 20:45:48,272 [INFO] from play.api.db.DefaultDBApi in play-dev-mode-akka.actor.default-dispatcher-33 - Database [default] connected at jdbc:h2:file:./data/productsDB
2018-04-22 20:45:48,508 [WARN] from org.hibernate.validator.messageinterpolation.ParameterMessageInterpolator in play-dev-mode-akka.actor.default-dispatcher-33 - HV000184: ParameterMessageInterpolator has been chosen, EL interpolation will not be supported
2018-04-22 20:45:48,635 [INFO] from play.api.http.EnabledFilters in play-dev-mode-akka.actor.default-dispatcher-33 - Enabled Filters (see <https://www.playframework.com/documentation/latest/Filters>):

    play.filters.csrf.CSRFFilter
    play.filters.headers.SecurityHeadersFilter
    play.filters.hosts.AllowedHostsFilter

2018-04-22 20:45:48,638 [INFO] from play.api.Play in play-dev-mode-akka.actor.default-dispatcher-33 - Application started (Dev)
2018-04-22 20:51:40,223 [INFO] from application in application-akka.actor.default-dispatcher-18 - Shutting down connection pool.
2018-04-22 20:51:40,533 [INFO] from application in play-dev-mode-akka.actor.default-dispatcher-36 - Creating Pool for datasource 'default'
2018-04-22 20:51:40,598 [INFO] from play.api.db.DefaultDBApi in play-dev-mode-akka.actor.default-dispatcher-36 - Database [default] connected at jdbc:h2:file:./data/productsDB
2018-04-22 20:51:40,818 [WARN] from org.hibernate.validator.messageinterpolation.ParameterMessageInterpolator in play-dev-mode-akka.actor.default-dispatcher-36 - HV000184: ParameterMessageInterpolator has been chosen, EL interpolation will not be supported
2018-04-22 20:51:40,930 [INFO] from play.api.http.EnabledFilters in play-dev-mode-akka.actor.default-dispatcher-36 - Enabled Filters (see <https://www.playframework.com/documentation/latest/Filters>):

    play.filters.csrf.CSRFFilter
    play.filters.headers.SecurityHeadersFilter
    play.filters.hosts.AllowedHostsFilter

2018-04-22 20:51:40,938 [INFO] from play.api.Play in play-dev-mode-akka.actor.default-dispatcher-36 - Application started (Dev)
2018-04-22 21:03:14,998 [INFO] from application in application-akka.actor.default-dispatcher-14 - Shutting down connection pool.
2018-04-22 21:03:15,296 [INFO] from application in play-dev-mode-akka.actor.default-dispatcher-73 - Creating Pool for datasource 'default'
2018-04-22 21:03:15,352 [INFO] from play.api.db.DefaultDBApi in play-dev-mode-akka.actor.default-dispatcher-73 - Database [default] connected at jdbc:h2:file:./data/productsDB
2018-04-22 21:03:15,553 [WARN] from org.hibernate.validator.messageinterpolation.ParameterMessageInterpolator in play-dev-mode-akka.actor.default-dispatcher-73 - HV000184: ParameterMessageInterpolator has been chosen, EL interpolation will not be supported
2018-04-22 21:03:15,647 [INFO] from play.api.http.EnabledFilters in play-dev-mode-akka.actor.default-dispatcher-73 - Enabled Filters (see <https://www.playframework.com/documentation/latest/Filters>):

    play.filters.csrf.CSRFFilter
    play.filters.headers.SecurityHeadersFilter
    play.filters.hosts.AllowedHostsFilter

2018-04-22 21:03:15,654 [INFO] from play.api.Play in play-dev-mode-akka.actor.default-dispatcher-73 - Application started (Dev)
2018-04-22 21:16:13,452 [INFO] from play.core.server.AkkaHttpServer in pool-5-thread-2 - Stopping server...
2018-04-22 21:16:13,486 [INFO] from application in application-akka.actor.default-dispatcher-11 - Shutting down connection pool.
